This file contains any messages produced by compilers while
running configure, to aid debugging if configure makes a mistake.

It was created by tclgumbo configure 0.1, which was
generated by GNU Autoconf 2.69.  Invocation command line was

  $ ./configure 

## --------- ##
## Platform. ##
## --------- ##

hostname = peikko
uname -m = x86_64
uname -r = 2.6.32-431.29.2.el6.x86_64
uname -s = Linux
uname -v = #1 SMP Tue Sep 9 21:36:05 UTC 2014

/usr/bin/uname -p = unknown
/bin/uname -X     = unknown

/bin/arch              = x86_64
/usr/bin/arch -k       = unknown
/usr/convex/getsysinfo = unknown
/usr/bin/hostinfo      = unknown
/bin/machine           = unknown
/usr/bin/oslevel       = unknown
/bin/universe          = unknown

PATH: /usr/lib64/qt-3.3/bin
PATH: /usr/local/bin
PATH: /bin
PATH: /usr/bin
PATH: /usr/local/sbin
PATH: /usr/sbin
PATH: /sbin
PATH: /home/rolle/bin


## ----------- ##
## Core tests. ##
## ----------- ##

configure:2182: checking for correct TEA configuration
configure:2195: result: ok (TEA 3.9)
configure:2278: configuring tclgumbo 0.1
configure:2351: checking for Tcl configuration
configure:2476: result: found /home/rolle/eggdrop/tcl8.5.15/unix/tclConfig.sh
configure:2529: checking for gcc
configure:2545: found /usr/bin/gcc
configure:2556: result: gcc
configure:2785: checking for C compiler version
configure:2794: gcc --version >&5
gcc (GCC) 4.4.7 20120313 (Red Hat 4.4.7-11)
Copyright (C) 2010 Free Software Foundation, Inc.
This is free software; see the source for copying conditions.  There is NO
warranty; not even for MERCHANTABILITY or FITNESS FOR A PARTICULAR PURPOSE.

configure:2805: $? = 0
configure:2794: gcc -v >&5
Using built-in specs.
Target: x86_64-redhat-linux
Configured with: ../configure --prefix=/usr --mandir=/usr/share/man --infodir=/usr/share/info --with-bugurl=http://bugzilla.redhat.com/bugzilla --enable-bootstrap --enable-shared --enable-threads=posix --enable-checking=release --with-system-zlib --enable-__cxa_atexit --disable-libunwind-exceptions --enable-gnu-unique-object --enable-languages=c,c++,objc,obj-c++,java,fortran,ada --enable-java-awt=gtk --disable-dssi --with-java-home=/usr/lib/jvm/java-1.5.0-gcj-1.5.0.0/jre --enable-libgcj-multifile --enable-java-maintainer-mode --with-ecj-jar=/usr/share/java/eclipse-ecj.jar --disable-libjava-multilib --with-ppl --with-cloog --with-tune=generic --with-arch_32=i686 --build=x86_64-redhat-linux
Thread model: posix
gcc version 4.4.7 20120313 (Red Hat 4.4.7-11) (GCC) 
configure:2805: $? = 0
configure:2794: gcc -V >&5
gcc: '-V' option must have argument
configure:2805: $? = 1
configure:2794: gcc -qversion >&5
gcc: unrecognized option '-qversion'
gcc: no input files
configure:2805: $? = 1
configure:2825: checking whether the C compiler works
configure:2847: gcc    conftest.c  >&5
configure:2851: $? = 0
configure:2899: result: yes
configure:2902: checking for C compiler default output file name
configure:2904: result: a.out
configure:2910: checking for suffix of executables
configure:2917: gcc -o conftest    conftest.c  >&5
configure:2921: $? = 0
configure:2943: result: 
configure:2965: checking whether we are cross compiling
configure:2973: gcc -o conftest    conftest.c  >&5
configure:2977: $? = 0
configure:2984: ./conftest
configure:2988: $? = 0
configure:3003: result: no
configure:3008: checking for suffix of object files
configure:3030: gcc -c   conftest.c >&5
configure:3034: $? = 0
configure:3055: result: o
configure:3059: checking whether we are using the GNU C compiler
configure:3078: gcc -c   conftest.c >&5
configure:3078: $? = 0
configure:3087: result: yes
configure:3096: checking whether gcc accepts -g
configure:3116: gcc -c -g  conftest.c >&5
configure:3116: $? = 0
configure:3157: result: yes
configure:3174: checking for gcc option to accept ISO C89
configure:3237: gcc  -c   conftest.c >&5
configure:3237: $? = 0
configure:3250: result: none needed
configure:3272: checking for existence of /home/rolle/eggdrop/tcl8.5.15/unix/tclConfig.sh
configure:3276: result: loading
configure:3340: checking platform
configure:3358: gcc -c   conftest.c >&5
configure:3358: $? = 0
configure:3366: result: unix
configure:3407: --prefix defaulting to TCL_PREFIX /usr/local
configure:3419: --exec-prefix defaulting to TCL_EXEC_PREFIX /usr/local
configure:3489: checking for gcc
configure:3516: result: gcc
configure:3745: checking for C compiler version
configure:3754: gcc --version >&5
gcc (GCC) 4.4.7 20120313 (Red Hat 4.4.7-11)
Copyright (C) 2010 Free Software Foundation, Inc.
This is free software; see the source for copying conditions.  There is NO
warranty; not even for MERCHANTABILITY or FITNESS FOR A PARTICULAR PURPOSE.

configure:3765: $? = 0
configure:3754: gcc -v >&5
Using built-in specs.
Target: x86_64-redhat-linux
Configured with: ../configure --prefix=/usr --mandir=/usr/share/man --infodir=/usr/share/info --with-bugurl=http://bugzilla.redhat.com/bugzilla --enable-bootstrap --enable-shared --enable-threads=posix --enable-checking=release --with-system-zlib --enable-__cxa_atexit --disable-libunwind-exceptions --enable-gnu-unique-object --enable-languages=c,c++,objc,obj-c++,java,fortran,ada --enable-java-awt=gtk --disable-dssi --with-java-home=/usr/lib/jvm/java-1.5.0-gcj-1.5.0.0/jre --enable-libgcj-multifile --enable-java-maintainer-mode --with-ecj-jar=/usr/share/java/eclipse-ecj.jar --disable-libjava-multilib --with-ppl --with-cloog --with-tune=generic --with-arch_32=i686 --build=x86_64-redhat-linux
Thread model: posix
gcc version 4.4.7 20120313 (Red Hat 4.4.7-11) (GCC) 
configure:3765: $? = 0
configure:3754: gcc -V >&5
gcc: '-V' option must have argument
configure:3765: $? = 1
configure:3754: gcc -qversion >&5
gcc: unrecognized option '-qversion'
gcc: no input files
configure:3765: $? = 1
configure:3769: checking whether we are using the GNU C compiler
configure:3797: result: yes
configure:3806: checking whether gcc accepts -g
configure:3867: result: yes
configure:3884: checking for gcc option to accept ISO C89
configure:3960: result: none needed
configure:3985: checking how to run the C preprocessor
configure:4016: gcc -E  conftest.c
configure:4016: $? = 0
configure:4030: gcc -E  conftest.c
conftest.c:10:28: error: ac_nonexistent.h: No such file or directory
configure:4030: $? = 1
configure: failed program was:
| /* confdefs.h */
| #define PACKAGE_NAME "tclgumbo"
| #define PACKAGE_TARNAME "tclgumbo"
| #define PACKAGE_VERSION "0.1"
| #define PACKAGE_STRING "tclgumbo 0.1"
| #define PACKAGE_BUGREPORT ""
| #define PACKAGE_URL ""
| #define BUILD_tclgumbo /**/
| /* end confdefs.h.  */
| #include <ac_nonexistent.h>
configure:4055: result: gcc -E
configure:4075: gcc -E  conftest.c
configure:4075: $? = 0
configure:4089: gcc -E  conftest.c
conftest.c:10:28: error: ac_nonexistent.h: No such file or directory
configure:4089: $? = 1
configure: failed program was:
| /* confdefs.h */
| #define PACKAGE_NAME "tclgumbo"
| #define PACKAGE_TARNAME "tclgumbo"
| #define PACKAGE_VERSION "0.1"
| #define PACKAGE_STRING "tclgumbo 0.1"
| #define PACKAGE_BUGREPORT ""
| #define PACKAGE_URL ""
| #define BUILD_tclgumbo /**/
| /* end confdefs.h.  */
| #include <ac_nonexistent.h>
configure:4136: checking whether make sets $(MAKE)
configure:4158: result: yes
configure:4215: checking for ranlib
configure:4231: found /usr/bin/ranlib
configure:4242: result: ranlib
configure:4273: checking for grep that handles long lines and -e
configure:4331: result: /bin/grep
configure:4336: checking for egrep
configure:4398: result: /bin/grep -E
configure:4403: checking for ANSI C header files
configure:4423: gcc -c   conftest.c >&5
configure:4423: $? = 0
configure:4496: gcc -o conftest    conftest.c  >&5
configure:4496: $? = 0
configure:4496: ./conftest
configure:4496: $? = 0
configure:4507: result: yes
configure:4520: checking for sys/types.h
configure:4520: gcc -c   conftest.c >&5
configure:4520: $? = 0
configure:4520: result: yes
configure:4520: checking for sys/stat.h
configure:4520: gcc -c   conftest.c >&5
configure:4520: $? = 0
configure:4520: result: yes
configure:4520: checking for stdlib.h
configure:4520: gcc -c   conftest.c >&5
configure:4520: $? = 0
configure:4520: result: yes
configure:4520: checking for string.h
configure:4520: gcc -c   conftest.c >&5
configure:4520: $? = 0
configure:4520: result: yes
configure:4520: checking for memory.h
configure:4520: gcc -c   conftest.c >&5
configure:4520: $? = 0
configure:4520: result: yes
configure:4520: checking for strings.h
configure:4520: gcc -c   conftest.c >&5
configure:4520: $? = 0
configure:4520: result: yes
configure:4520: checking for inttypes.h
configure:4520: gcc -c   conftest.c >&5
configure:4520: $? = 0
configure:4520: result: yes
configure:4520: checking for stdint.h
configure:4520: gcc -c   conftest.c >&5
configure:4520: $? = 0
configure:4520: result: yes
configure:4520: checking for unistd.h
configure:4520: gcc -c   conftest.c >&5
configure:4520: $? = 0
configure:4520: result: yes
configure:4542: checking if the compiler understands -pipe
configure:4560: gcc -c  -pipe  conftest.c >&5
configure:4560: $? = 0
configure:4568: result: yes
configure:4579: checking whether byte ordering is bigendian
configure:4594: gcc -c  -pipe  conftest.c >&5
conftest.c:21: error: expected '=', ',', ';', 'asm' or '__attribute__' before 'a'
configure:4594: $? = 1
configure: failed program was:
| /* confdefs.h */
| #define PACKAGE_NAME "tclgumbo"
| #define PACKAGE_TARNAME "tclgumbo"
| #define PACKAGE_VERSION "0.1"
| #define PACKAGE_STRING "tclgumbo 0.1"
| #define PACKAGE_BUGREPORT ""
| #define PACKAGE_URL ""
| #define BUILD_tclgumbo /**/
| #define STDC_HEADERS 1
| #define HAVE_SYS_TYPES_H 1
| #define HAVE_SYS_STAT_H 1
| #define HAVE_STDLIB_H 1
| #define HAVE_STRING_H 1
| #define HAVE_MEMORY_H 1
| #define HAVE_STRINGS_H 1
| #define HAVE_INTTYPES_H 1
| #define HAVE_STDINT_H 1
| #define HAVE_UNISTD_H 1
| /* end confdefs.h.  */
| #ifndef __APPLE_CC__
| 	       not a universal capable compiler
| 	     #endif
| 	     typedef int dummy;
| 
configure:4639: gcc -c  -pipe  conftest.c >&5
configure:4639: $? = 0
configure:4657: gcc -c  -pipe  conftest.c >&5
conftest.c: In function 'main':
conftest.c:27: error: 'not' undeclared (first use in this function)
conftest.c:27: error: (Each undeclared identifier is reported only once
conftest.c:27: error: for each function it appears in.)
conftest.c:27: error: expected ';' before 'big'
configure:4657: $? = 1
configure: failed program was:
| /* confdefs.h */
| #define PACKAGE_NAME "tclgumbo"
| #define PACKAGE_TARNAME "tclgumbo"
| #define PACKAGE_VERSION "0.1"
| #define PACKAGE_STRING "tclgumbo 0.1"
| #define PACKAGE_BUGREPORT ""
| #define PACKAGE_URL ""
| #define BUILD_tclgumbo /**/
| #define STDC_HEADERS 1
| #define HAVE_SYS_TYPES_H 1
| #define HAVE_SYS_STAT_H 1
| #define HAVE_STDLIB_H 1
| #define HAVE_STRING_H 1
| #define HAVE_MEMORY_H 1
| #define HAVE_STRINGS_H 1
| #define HAVE_INTTYPES_H 1
| #define HAVE_STDINT_H 1
| #define HAVE_UNISTD_H 1
| /* end confdefs.h.  */
| #include <sys/types.h>
| 		#include <sys/param.h>
| 
| int
| main ()
| {
| #if BYTE_ORDER != BIG_ENDIAN
| 		 not big endian
| 		#endif
| 
|   ;
|   return 0;
| }
configure:4785: result: no
configure:4812: checking for sin
configure:4812: gcc -o conftest  -pipe   conftest.c  >&5
conftest.c:43: warning: conflicting types for built-in function 'sin'
/tmp/ccPatEGK.o: In function `main':
conftest.c:(.text+0xa): undefined reference to `sin'
collect2: ld returned 1 exit status
configure:4812: $? = 1
configure: failed program was:
| /* confdefs.h */
| #define PACKAGE_NAME "tclgumbo"
| #define PACKAGE_TARNAME "tclgumbo"
| #define PACKAGE_VERSION "0.1"
| #define PACKAGE_STRING "tclgumbo 0.1"
| #define PACKAGE_BUGREPORT ""
| #define PACKAGE_URL ""
| #define BUILD_tclgumbo /**/
| #define STDC_HEADERS 1
| #define HAVE_SYS_TYPES_H 1
| #define HAVE_SYS_STAT_H 1
| #define HAVE_STDLIB_H 1
| #define HAVE_STRING_H 1
| #define HAVE_MEMORY_H 1
| #define HAVE_STRINGS_H 1
| #define HAVE_INTTYPES_H 1
| #define HAVE_STDINT_H 1
| #define HAVE_UNISTD_H 1
| /* end confdefs.h.  */
| /* Define sin to an innocuous variant, in case <limits.h> declares sin.
|    For example, HP-UX 11i <limits.h> declares gettimeofday.  */
| #define sin innocuous_sin
| 
| /* System header to define __stub macros and hopefully few prototypes,
|     which can conflict with char sin (); below.
|     Prefer <limits.h> to <assert.h> if __STDC__ is defined, since
|     <limits.h> exists even on freestanding compilers.  */
| 
| #ifdef __STDC__
| # include <limits.h>
| #else
| # include <assert.h>
| #endif
| 
| #undef sin
| 
| /* Override any GCC internal prototype to avoid an error.
|    Use char because int might match the return type of a GCC
|    builtin and then its argument prototype would still apply.  */
| #ifdef __cplusplus
| extern "C"
| #endif
| char sin ();
| /* The GNU C library defines this for functions which it implements
|     to always fail with ENOSYS.  Some functions are actually named
|     something starting with __ and the normal name is an alias.  */
| #if defined __stub_sin || defined __stub___sin
| choke me
| #endif
| 
| int
| main ()
| {
| return sin ();
|   ;
|   return 0;
| }
configure:4812: result: no
configure:4819: checking for main in -lieee
configure:4838: gcc -o conftest  -pipe   conftest.c -lieee   >&5
configure:4838: $? = 0
configure:4847: result: yes
configure:4859: checking for main in -linet
configure:4878: gcc -o conftest  -pipe   conftest.c -linet   >&5
/usr/bin/ld: cannot find -linet
collect2: ld returned 1 exit status
configure:4878: $? = 1
configure: failed program was:
| /* confdefs.h */
| #define PACKAGE_NAME "tclgumbo"
| #define PACKAGE_TARNAME "tclgumbo"
| #define PACKAGE_VERSION "0.1"
| #define PACKAGE_STRING "tclgumbo 0.1"
| #define PACKAGE_BUGREPORT ""
| #define PACKAGE_URL ""
| #define BUILD_tclgumbo /**/
| #define STDC_HEADERS 1
| #define HAVE_SYS_TYPES_H 1
| #define HAVE_SYS_STAT_H 1
| #define HAVE_STDLIB_H 1
| #define HAVE_STRING_H 1
| #define HAVE_MEMORY_H 1
| #define HAVE_STRINGS_H 1
| #define HAVE_INTTYPES_H 1
| #define HAVE_STDINT_H 1
| #define HAVE_UNISTD_H 1
| /* end confdefs.h.  */
| 
| 
| int
| main ()
| {
| return main ();
|   ;
|   return 0;
| }
configure:4887: result: no
configure:4893: checking net/errno.h usability
configure:4893: gcc -c  -pipe  conftest.c >&5
conftest.c:53:23: error: net/errno.h: No such file or directory
configure:4893: $? = 1
configure: failed program was:
| /* confdefs.h */
| #define PACKAGE_NAME "tclgumbo"
| #define PACKAGE_TARNAME "tclgumbo"
| #define PACKAGE_VERSION "0.1"
| #define PACKAGE_STRING "tclgumbo 0.1"
| #define PACKAGE_BUGREPORT ""
| #define PACKAGE_URL ""
| #define BUILD_tclgumbo /**/
| #define STDC_HEADERS 1
| #define HAVE_SYS_TYPES_H 1
| #define HAVE_SYS_STAT_H 1
| #define HAVE_STDLIB_H 1
| #define HAVE_STRING_H 1
| #define HAVE_MEMORY_H 1
| #define HAVE_STRINGS_H 1
| #define HAVE_INTTYPES_H 1
| #define HAVE_STDINT_H 1
| #define HAVE_UNISTD_H 1
| /* end confdefs.h.  */
| #include <stdio.h>
| #ifdef HAVE_SYS_TYPES_H
| # include <sys/types.h>
| #endif
| #ifdef HAVE_SYS_STAT_H
| # include <sys/stat.h>
| #endif
| #ifdef STDC_HEADERS
| # include <stdlib.h>
| # include <stddef.h>
| #else
| # ifdef HAVE_STDLIB_H
| #  include <stdlib.h>
| # endif
| #endif
| #ifdef HAVE_STRING_H
| # if !defined STDC_HEADERS && defined HAVE_MEMORY_H
| #  include <memory.h>
| # endif
| # include <string.h>
| #endif
| #ifdef HAVE_STRINGS_H
| # include <strings.h>
| #endif
| #ifdef HAVE_INTTYPES_H
| # include <inttypes.h>
| #endif
| #ifdef HAVE_STDINT_H
| # include <stdint.h>
| #endif
| #ifdef HAVE_UNISTD_H
| # include <unistd.h>
| #endif
| #include <net/errno.h>
configure:4893: result: no
configure:4893: checking net/errno.h presence
configure:4893: gcc -E  conftest.c
conftest.c:20:23: error: net/errno.h: No such file or directory
configure:4893: $? = 1
configure: failed program was:
| /* confdefs.h */
| #define PACKAGE_NAME "tclgumbo"
| #define PACKAGE_TARNAME "tclgumbo"
| #define PACKAGE_VERSION "0.1"
| #define PACKAGE_STRING "tclgumbo 0.1"
| #define PACKAGE_BUGREPORT ""
| #define PACKAGE_URL ""
| #define BUILD_tclgumbo /**/
| #define STDC_HEADERS 1
| #define HAVE_SYS_TYPES_H 1
| #define HAVE_SYS_STAT_H 1
| #define HAVE_STDLIB_H 1
| #define HAVE_STRING_H 1
| #define HAVE_MEMORY_H 1
| #define HAVE_STRINGS_H 1
| #define HAVE_INTTYPES_H 1
| #define HAVE_STDINT_H 1
| #define HAVE_UNISTD_H 1
| /* end confdefs.h.  */
| #include <net/errno.h>
configure:4893: result: no
configure:4893: checking for net/errno.h
configure:4893: result: no
configure:4922: checking for connect
configure:4922: gcc -o conftest  -pipe   conftest.c  >&5
configure:4922: $? = 0
configure:4922: result: yes
configure:4990: checking for gethostbyname
configure:4990: gcc -o conftest  -pipe   conftest.c  >&5
configure:4990: $? = 0
configure:4990: result: yes
configure:5045: checking dirent.h
configure:5081: gcc -o conftest  -pipe   conftest.c  >&5
configure:5081: $? = 0
configure:5089: result: yes
configure:5099: checking errno.h usability
configure:5099: gcc -c  -pipe  conftest.c >&5
configure:5099: $? = 0
configure:5099: result: yes
configure:5099: checking errno.h presence
configure:5099: gcc -E  conftest.c
configure:5099: $? = 0
configure:5099: result: yes
configure:5099: checking for errno.h
configure:5099: result: yes
configure:5109: checking float.h usability
configure:5109: gcc -c  -pipe  conftest.c >&5
configure:5109: $? = 0
configure:5109: result: yes
configure:5109: checking float.h presence
configure:5109: gcc -E  conftest.c
configure:5109: $? = 0
configure:5109: result: yes
configure:5109: checking for float.h
configure:5109: result: yes
configure:5119: checking values.h usability
configure:5119: gcc -c  -pipe  conftest.c >&5
configure:5119: $? = 0
configure:5119: result: yes
configure:5119: checking values.h presence
configure:5119: gcc -E  conftest.c
configure:5119: $? = 0
configure:5119: result: yes
configure:5119: checking for values.h
configure:5119: result: yes
configure:5129: checking limits.h usability
configure:5129: gcc -c  -pipe  conftest.c >&5
configure:5129: $? = 0
configure:5129: result: yes
configure:5129: checking limits.h presence
configure:5129: gcc -E  conftest.c
configure:5129: $? = 0
configure:5129: result: yes
configure:5129: checking for limits.h
configure:5129: result: yes
configure:5141: checking for stdlib.h
configure:5141: result: yes
configure:5193: checking for string.h
configure:5193: result: yes
configure:5237: checking sys/wait.h usability
configure:5237: gcc -c  -pipe  conftest.c >&5
configure:5237: $? = 0
configure:5237: result: yes
configure:5237: checking sys/wait.h presence
configure:5237: gcc -E  conftest.c
configure:5237: $? = 0
configure:5237: result: yes
configure:5237: checking for sys/wait.h
configure:5237: result: yes
configure:5247: checking dlfcn.h usability
configure:5247: gcc -c  -pipe  conftest.c >&5
configure:5247: $? = 0
configure:5247: result: yes
configure:5247: checking dlfcn.h presence
configure:5247: gcc -E  conftest.c
configure:5247: $? = 0
configure:5247: result: yes
configure:5247: checking for dlfcn.h
configure:5247: result: yes
configure:5261: checking sys/param.h usability
configure:5261: gcc -c  -pipe  conftest.c >&5
configure:5261: $? = 0
configure:5261: result: yes
configure:5261: checking sys/param.h presence
configure:5261: gcc -E  conftest.c
configure:5261: $? = 0
configure:5261: result: yes
configure:5261: checking for sys/param.h
configure:5261: result: yes
configure:5430: checking for Tcl public headers
configure:5501: result: /home/rolle/eggdrop/tcl8.5.15/generic
configure:5562: checking for pthread_mutex_init in -lpthread
configure:5587: gcc -o conftest  -pipe   conftest.c -lpthread   >&5
configure:5587: $? = 0
configure:5596: result: yes
configure:5805: checking for building with threads
configure:5811: result: yes (default)
configure:5835: WARNING:
    --enable-threads requested, but building against a Tcl that is NOT
    thread-enabled.  This is an OK configuration that will also run in
    a thread-enabled core.
configure:5852: checking how to build libraries
configure:5870: result: shared
configure:5933: checking for ranlib
configure:5960: result: ranlib
configure:5987: checking if 64bit support is requested
configure:5996: result: no
configure:6001: checking if 64bit Sparc VIS support is requested
configure:6010: result: no
configure:6020: checking if compiler supports visibility "hidden"
configure:6040: gcc -o conftest  -pipe -Werror   conftest.c  >&5
configure:6040: $? = 0
configure:6049: result: yes
configure:6064: checking if rpath support is requested
configure:6073: result: yes
configure:6098: checking system version
configure:6121: result: Linux-2.6.32-431.29.2.el6.x86_64
configure:6201: checking for ar
configure:6217: found /usr/bin/ar
configure:6228: result: ar
configure:7988: checking for cast to union support
configure:8007: gcc -c  -pipe  conftest.c >&5
configure:8007: $? = 0
configure:8015: result: yes
configure:8038: checking for required early compiler flags
configure:8056: gcc -c  -pipe  conftest.c >&5
configure:8056: $? = 0
configure:8103: gcc -c  -pipe  conftest.c >&5
conftest.c: In function 'main':
conftest.c:33: error: storage size of 'buf' isn't known
configure:8103: $? = 1
configure: failed program was:
| /* confdefs.h */
| #define PACKAGE_NAME "tclgumbo"
| #define PACKAGE_TARNAME "tclgumbo"
| #define PACKAGE_VERSION "0.1"
| #define PACKAGE_STRING "tclgumbo 0.1"
| #define PACKAGE_BUGREPORT ""
| #define PACKAGE_URL ""
| #define BUILD_tclgumbo /**/
| #define STDC_HEADERS 1
| #define HAVE_SYS_TYPES_H 1
| #define HAVE_SYS_STAT_H 1
| #define HAVE_STDLIB_H 1
| #define HAVE_STRING_H 1
| #define HAVE_MEMORY_H 1
| #define HAVE_STRINGS_H 1
| #define HAVE_INTTYPES_H 1
| #define HAVE_STDINT_H 1
| #define HAVE_UNISTD_H 1
| #define HAVE_LIMITS_H 1
| #define HAVE_SYS_PARAM_H 1
| #define USE_THREAD_ALLOC 1
| #define _REENTRANT 1
| #define _THREAD_SAFE 1
| #define TCL_THREADS 1
| #define MODULE_SCOPE extern __attribute__((__visibility__("hidden")))
| #define HAVE_HIDDEN 1
| #define HAVE_CAST_TO_UNION 1
| /* end confdefs.h.  */
| #include <sys/stat.h>
| int
| main ()
| {
| struct stat64 buf; int i = stat64("/", &buf);
|   ;
|   return 0;
| }
configure:8118: gcc -c  -pipe  conftest.c >&5
configure:8118: $? = 0
configure:8150: gcc -c  -pipe  conftest.c >&5
conftest.c: In function 'main':
conftest.c:34: error: 'open64' undeclared (first use in this function)
conftest.c:34: error: (Each undeclared identifier is reported only once
conftest.c:34: error: for each function it appears in.)
configure:8150: $? = 1
configure: failed program was:
| /* confdefs.h */
| #define PACKAGE_NAME "tclgumbo"
| #define PACKAGE_TARNAME "tclgumbo"
| #define PACKAGE_VERSION "0.1"
| #define PACKAGE_STRING "tclgumbo 0.1"
| #define PACKAGE_BUGREPORT ""
| #define PACKAGE_URL ""
| #define BUILD_tclgumbo /**/
| #define STDC_HEADERS 1
| #define HAVE_SYS_TYPES_H 1
| #define HAVE_SYS_STAT_H 1
| #define HAVE_STDLIB_H 1
| #define HAVE_STRING_H 1
| #define HAVE_MEMORY_H 1
| #define HAVE_STRINGS_H 1
| #define HAVE_INTTYPES_H 1
| #define HAVE_STDINT_H 1
| #define HAVE_UNISTD_H 1
| #define HAVE_LIMITS_H 1
| #define HAVE_SYS_PARAM_H 1
| #define USE_THREAD_ALLOC 1
| #define _REENTRANT 1
| #define _THREAD_SAFE 1
| #define TCL_THREADS 1
| #define MODULE_SCOPE extern __attribute__((__visibility__("hidden")))
| #define HAVE_HIDDEN 1
| #define HAVE_CAST_TO_UNION 1
| #define _LARGEFILE64_SOURCE 1
| /* end confdefs.h.  */
| #include <sys/stat.h>
| int
| main ()
| {
| char *p = (char *)open64;
|   ;
|   return 0;
| }
configure:8165: gcc -c  -pipe  conftest.c >&5
conftest.c: In function 'main':
conftest.c:35: error: 'open64' undeclared (first use in this function)
conftest.c:35: error: (Each undeclared identifier is reported only once
conftest.c:35: error: for each function it appears in.)
configure:8165: $? = 1
configure: failed program was:
| /* confdefs.h */
| #define PACKAGE_NAME "tclgumbo"
| #define PACKAGE_TARNAME "tclgumbo"
| #define PACKAGE_VERSION "0.1"
| #define PACKAGE_STRING "tclgumbo 0.1"
| #define PACKAGE_BUGREPORT ""
| #define PACKAGE_URL ""
| #define BUILD_tclgumbo /**/
| #define STDC_HEADERS 1
| #define HAVE_SYS_TYPES_H 1
| #define HAVE_SYS_STAT_H 1
| #define HAVE_STDLIB_H 1
| #define HAVE_STRING_H 1
| #define HAVE_MEMORY_H 1
| #define HAVE_STRINGS_H 1
| #define HAVE_INTTYPES_H 1
| #define HAVE_STDINT_H 1
| #define HAVE_UNISTD_H 1
| #define HAVE_LIMITS_H 1
| #define HAVE_SYS_PARAM_H 1
| #define USE_THREAD_ALLOC 1
| #define _REENTRANT 1
| #define _THREAD_SAFE 1
| #define TCL_THREADS 1
| #define MODULE_SCOPE extern __attribute__((__visibility__("hidden")))
| #define HAVE_HIDDEN 1
| #define HAVE_CAST_TO_UNION 1
| #define _LARGEFILE64_SOURCE 1
| /* end confdefs.h.  */
| #define _LARGEFILE_SOURCE64 1
| #include <sys/stat.h>
| int
| main ()
| {
| char *p = (char *)open64;
|   ;
|   return 0;
| }
configure:8186: result:  _LARGEFILE64_SOURCE
configure:8191: checking for 64-bit integer type
configure:8210: gcc -c  -pipe  conftest.c >&5
conftest.c: In function 'main':
conftest.c:34: error: '__int64' undeclared (first use in this function)
conftest.c:34: error: (Each undeclared identifier is reported only once
conftest.c:34: error: for each function it appears in.)
conftest.c:34: error: expected ';' before 'value'
configure:8210: $? = 1
configure: failed program was:
| /* confdefs.h */
| #define PACKAGE_NAME "tclgumbo"
| #define PACKAGE_TARNAME "tclgumbo"
| #define PACKAGE_VERSION "0.1"
| #define PACKAGE_STRING "tclgumbo 0.1"
| #define PACKAGE_BUGREPORT ""
| #define PACKAGE_URL ""
| #define BUILD_tclgumbo /**/
| #define STDC_HEADERS 1
| #define HAVE_SYS_TYPES_H 1
| #define HAVE_SYS_STAT_H 1
| #define HAVE_STDLIB_H 1
| #define HAVE_STRING_H 1
| #define HAVE_MEMORY_H 1
| #define HAVE_STRINGS_H 1
| #define HAVE_INTTYPES_H 1
| #define HAVE_STDINT_H 1
| #define HAVE_UNISTD_H 1
| #define HAVE_LIMITS_H 1
| #define HAVE_SYS_PARAM_H 1
| #define USE_THREAD_ALLOC 1
| #define _REENTRANT 1
| #define _THREAD_SAFE 1
| #define TCL_THREADS 1
| #define MODULE_SCOPE extern __attribute__((__visibility__("hidden")))
| #define HAVE_HIDDEN 1
| #define HAVE_CAST_TO_UNION 1
| #define _LARGEFILE64_SOURCE 1
| /* end confdefs.h.  */
| 
| int
| main ()
| {
| __int64 value = (__int64) 0;
|   ;
|   return 0;
| }
configure:8232: gcc -c  -pipe  conftest.c >&5
conftest.c: In function 'main':
conftest.c:35: error: duplicate case value
conftest.c:35: error: previously used here
configure:8232: $? = 1
configure: failed program was:
| /* confdefs.h */
| #define PACKAGE_NAME "tclgumbo"
| #define PACKAGE_TARNAME "tclgumbo"
| #define PACKAGE_VERSION "0.1"
| #define PACKAGE_STRING "tclgumbo 0.1"
| #define PACKAGE_BUGREPORT ""
| #define PACKAGE_URL ""
| #define BUILD_tclgumbo /**/
| #define STDC_HEADERS 1
| #define HAVE_SYS_TYPES_H 1
| #define HAVE_SYS_STAT_H 1
| #define HAVE_STDLIB_H 1
| #define HAVE_STRING_H 1
| #define HAVE_MEMORY_H 1
| #define HAVE_STRINGS_H 1
| #define HAVE_INTTYPES_H 1
| #define HAVE_STDINT_H 1
| #define HAVE_UNISTD_H 1
| #define HAVE_LIMITS_H 1
| #define HAVE_SYS_PARAM_H 1
| #define USE_THREAD_ALLOC 1
| #define _REENTRANT 1
| #define _THREAD_SAFE 1
| #define TCL_THREADS 1
| #define MODULE_SCOPE extern __attribute__((__visibility__("hidden")))
| #define HAVE_HIDDEN 1
| #define HAVE_CAST_TO_UNION 1
| #define _LARGEFILE64_SOURCE 1
| /* end confdefs.h.  */
| 
| int
| main ()
| {
| switch (0) {
|             case 1: case (sizeof(long long)==sizeof(long)): ;
|         }
|   ;
|   return 0;
| }
configure:8242: result: using long
configure:8386: checking for build with symbols
configure:8399: result: no
configure:8564: checking for tclsh
configure:8591: result: /home/rolle/eggdrop/tcl8.5.15/unix/tclsh
configure:8757: creating ./config.status

## ---------------------- ##
## Running config.status. ##
## ---------------------- ##

This file was extended by tclgumbo config.status 0.1, which was
generated by GNU Autoconf 2.69.  Invocation command line was

  CONFIG_FILES    = 
  CONFIG_HEADERS  = 
  CONFIG_LINKS    = 
  CONFIG_COMMANDS = 
  $ ./config.status 

on peikko

config.status:797: creating Makefile
config.status:797: creating pkgIndex.tcl

## ---------------- ##
## Cache variables. ##
## ---------------- ##

ac_cv_c_bigendian=no
ac_cv_c_compiler_gnu=yes
ac_cv_c_tclconfig=/home/rolle/eggdrop/tcl8.5.15/unix
ac_cv_c_tclh=/home/rolle/eggdrop/tcl8.5.15/generic
ac_cv_env_CC_set=
ac_cv_env_CC_value=
ac_cv_env_CFLAGS_set=
ac_cv_env_CFLAGS_value=
ac_cv_env_CPPFLAGS_set=
ac_cv_env_CPPFLAGS_value=
ac_cv_env_CPP_set=
ac_cv_env_CPP_value=
ac_cv_env_LDFLAGS_set=
ac_cv_env_LDFLAGS_value=
ac_cv_env_LIBS_set=
ac_cv_env_LIBS_value=
ac_cv_env_build_alias_set=
ac_cv_env_build_alias_value=
ac_cv_env_host_alias_set=
ac_cv_env_host_alias_value=
ac_cv_env_target_alias_set=
ac_cv_env_target_alias_value=
ac_cv_func_connect=yes
ac_cv_func_gethostbyname=yes
ac_cv_func_sin=no
ac_cv_header_dlfcn_h=yes
ac_cv_header_errno_h=yes
ac_cv_header_float_h=yes
ac_cv_header_inttypes_h=yes
ac_cv_header_limits_h=yes
ac_cv_header_memory_h=yes
ac_cv_header_net_errno_h=no
ac_cv_header_stdc=yes
ac_cv_header_stdint_h=yes
ac_cv_header_stdlib_h=yes
ac_cv_header_string_h=yes
ac_cv_header_strings_h=yes
ac_cv_header_sys_param_h=yes
ac_cv_header_sys_stat_h=yes
ac_cv_header_sys_types_h=yes
ac_cv_header_sys_wait_h=yes
ac_cv_header_unistd_h=yes
ac_cv_header_values_h=yes
ac_cv_lib_ieee_main=yes
ac_cv_lib_inet_main=no
ac_cv_lib_pthread_pthread_mutex_init=yes
ac_cv_objext=o
ac_cv_path_EGREP='/bin/grep -E'
ac_cv_path_GREP=/bin/grep
ac_cv_prog_CPP='gcc -E'
ac_cv_prog_ac_ct_AR=ar
ac_cv_prog_ac_ct_CC=gcc
ac_cv_prog_ac_ct_RANLIB=ranlib
ac_cv_prog_cc_c89=
ac_cv_prog_cc_g=yes
ac_cv_prog_make_make_set=yes
tcl_cv_cast_to_union=yes
tcl_cv_cc_pipe=yes
tcl_cv_cc_visibility_hidden=yes
tcl_cv_dirent_h=yes
tcl_cv_flag__isoc99_source=no
tcl_cv_flag__largefile64_source=yes
tcl_cv_flag__largefile_source64=no
tcl_cv_sys_version=Linux-2.6.32-431.29.2.el6.x86_64
tcl_cv_type_64bit=none

## ----------------- ##
## Output variables. ##
## ----------------- ##

AR='ar'
CC='gcc'
CELIB_DIR=''
CFLAGS=' -pipe ${CFLAGS_DEFAULT} ${CFLAGS_WARNING} ${SHLIB_CFLAGS} '
CFLAGS_DEBUG='-g'
CFLAGS_DEFAULT='-O2 -fomit-frame-pointer -DNDEBUG'
CFLAGS_OPTIMIZE='-O2 -fomit-frame-pointer'
CFLAGS_WARNING='-Wall'
CLEANFILES=''
CPP='gcc -E'
CPPFLAGS=''
CYGPATH='echo'
DEFS='-DPACKAGE_NAME=\"tclgumbo\" -DPACKAGE_TARNAME=\"tclgumbo\" -DPACKAGE_VERSION=\"0.1\" -DPACKAGE_STRING=\"tclgumbo\ 0.1\" -DPACKAGE_BUGREPORT=\"\" -DPACKAGE_URL=\"\" -DBUILD_tclgumbo=/\*\*/ -DSTDC_HEADERS=1 -DHAVE_SYS_TYPES_H=1 -DHAVE_SYS_STAT_H=1 -DHAVE_STDLIB_H=1 -DHAVE_STRING_H=1 -DHAVE_MEMORY_H=1 -DHAVE_STRINGS_H=1 -DHAVE_INTTYPES_H=1 -DHAVE_STDINT_H=1 -DHAVE_UNISTD_H=1 -DHAVE_LIMITS_H=1 -DHAVE_SYS_PARAM_H=1 -DUSE_THREAD_ALLOC=1 -D_REENTRANT=1 -D_THREAD_SAFE=1 -DTCL_THREADS=1 -DMODULE_SCOPE=extern\ __attribute__\(\(__visibility__\(\"hidden\"\)\)\) -DHAVE_HIDDEN=1 -DHAVE_CAST_TO_UNION=1 -D_LARGEFILE64_SOURCE=1 -DTCL_WIDE_INT_IS_LONG=1 -DUSE_TCL_STUBS=1'
ECHO_C=''
ECHO_N='-n'
ECHO_T=''
EGREP='/bin/grep -E'
EXEEXT=''
GREP='/bin/grep'
INSTALL='$(SHELL) $(srcdir)/tclconfig/install-sh -c'
INSTALL_DATA='${INSTALL} -m 644'
INSTALL_DATA_DIR='${INSTALL} -d -m 755'
INSTALL_LIBRARY='${INSTALL_DATA}'
INSTALL_PROGRAM='${INSTALL}'
INSTALL_SCRIPT='${INSTALL}'
LDFLAGS=' -Wl,--export-dynamic '
LDFLAGS_DEFAULT=' -Wl,--export-dynamic '
LD_LIBRARY_PATH_VAR='LD_LIBRARY_PATH'
LIBOBJS=''
LIBS=''
LTLIBOBJS=''
MAKE_LIB='${SHLIB_LD} -o $@ $(PKG_OBJECTS) ${SHLIB_LD_LIBS} '
MAKE_SHARED_LIB='${SHLIB_LD} -o $@ $(PKG_OBJECTS) ${SHLIB_LD_LIBS}'
MAKE_STATIC_LIB='${STLIB_LD} $@ $(PKG_OBJECTS)'
MAKE_STUB_LIB='${STLIB_LD} $@ $(PKG_STUB_OBJECTS)'
MATH_LIBS='-lieee -lm'
OBJEXT='o'
PACKAGE_BUGREPORT=''
PACKAGE_NAME='tclgumbo'
PACKAGE_STRING='tclgumbo 0.1'
PACKAGE_TARNAME='tclgumbo'
PACKAGE_URL=''
PACKAGE_VERSION='0.1'
PATH_SEPARATOR=':'
PKG_CFLAGS=' -std=gnu99'
PKG_HEADERS=''
PKG_INCLUDES=' -I./generic'
PKG_LIBS=''
PKG_LIB_FILE='libtclgumbo0.1.so'
PKG_OBJECTS=' tgumbo.o tclgumbo.o attribute.o char_ref.o error.o parser.o string_buffer.o tag.o string_piece.o tokenizer.o utf8.o util.o vector.o'
PKG_SOURCES=' tgumbo.c tclgumbo.c generic/attribute.c generic/char_ref.c generic/error.c generic/parser.c generic/string_buffer.c generic/tag.c generic/string_piece.c generic/tokenizer.c generic/utf8.c generic/util.c generic/vector.c'
PKG_STUB_LIB_FILE='libtclgumbostub0.1.a'
PKG_STUB_OBJECTS=''
PKG_STUB_SOURCES=''
PKG_TCL_SOURCES=''
RANLIB=':'
RANLIB_STUB='ranlib'
RC=''
SET_MAKE=''
SHARED_BUILD='1'
SHELL='/bin/sh'
SHLIB_CFLAGS='-fPIC'
SHLIB_LD='${CC} -shared ${CFLAGS} ${LDFLAGS_DEFAULT}'
SHLIB_LD_LIBS='${LIBS} -L/home/rolle/eggdrop/tcl8.5.15/unix -ltclstub8.5'
STLIB_LD='${AR} cr'
TCLSH_PROG='/home/rolle/eggdrop/tcl8.5.15/unix/tclsh'
TCL_BIN_DIR='/home/rolle/eggdrop/tcl8.5.15/unix'
TCL_DBGX=''
TCL_DEFS='-DPACKAGE_NAME=\"tcl\" -DPACKAGE_TARNAME=\"tcl\" -DPACKAGE_VERSION=\"8.5\" -DPACKAGE_STRING=\"tcl\ 8.5\" -DPACKAGE_BUGREPORT=\"\" -DSTDC_HEADERS=1 -DHAVE_SYS_TYPES_H=1 -DHAVE_SYS_STAT_H=1 -DHAVE_STDLIB_H=1 -DHAVE_STRING_H=1 -DHAVE_MEMORY_H=1 -DHAVE_STRINGS_H=1 -DHAVE_INTTYPES_H=1 -DHAVE_STDINT_H=1 -DHAVE_UNISTD_H=1 -DHAVE_LIMITS_H=1 -DHAVE_SYS_PARAM_H=1 -DTCL_CFGVAL_ENCODING=\"iso8859-1\" -DMODULE_SCOPE=extern\ __attribute__\(\(__visibility__\(\"hidden\"\)\)\) -DHAVE_CAST_TO_UNION=1 -DTCL_SHLIB_EXT=\".so\" -DNDEBUG=1 -DTCL_CFG_OPTIMIZED=1 -DTCL_TOMMATH=1 -DMP_PREC=4 -D_LARGEFILE64_SOURCE=1 -DTCL_WIDE_INT_TYPE=long\ long -DHAVE_STRUCT_DIRENT64=1 -DHAVE_STRUCT_STAT64=1 -DHAVE_OPEN64=1 -DHAVE_LSEEK64=1 -DHAVE_TYPE_OFF64_T=1 -DHAVE_GETCWD=1 -DHAVE_OPENDIR=1 -DHAVE_STRTOL=1 -DHAVE_WAITPID=1 -DHAVE_GETADDRINFO=1 -DUSE_TERMIOS=1 -DHAVE_SYS_TIME_H=1 -DTIME_WITH_SYS_TIME=1 -DHAVE_GMTIME_R=1 -DHAVE_LOCALTIME_R=1 -DHAVE_MKTIME=1 -DHAVE_TM_GMTOFF=1 -DHAVE_TIMEZONE_VAR=1 -DHAVE_STRUCT_STAT_ST_BLOCKS=1 -DHAVE_STRUCT_STAT_ST_BLKSIZE=1 -DHAVE_BLKCNT_T=1 -DHAVE_INTPTR_T=1 -DHAVE_UINTPTR_T=1 -DHAVE_SIGNED_CHAR=1 -DHAVE_LANGINFO=1 -DHAVE_FTS=1 -DHAVE_SYS_IOCTL_H=1 -DTCL_UNLOAD_DLLS=1 -DHAVE_CPUID=1 '
TCL_EXTRA_CFLAGS=' -pipe '
TCL_INCLUDES='-I"/home/rolle/eggdrop/tcl8.5.15/generic"'
TCL_LD_FLAGS=' -Wl,--export-dynamic '
TCL_LIBS='${DL_LIBS} ${LIBS} ${MATH_LIBS}'
TCL_LIB_FILE='libtcl8.5.so'
TCL_LIB_FLAG='-ltcl8.5'
TCL_LIB_SPEC='-L/home/rolle/eggdrop/tcl8.5.15/unix -ltcl8.5'
TCL_PATCH_LEVEL='.15'
TCL_SHLIB_LD_LIBS='${LIBS}'
TCL_SRC_DIR='/home/rolle/eggdrop/tcl8.5.15'
TCL_STUB_LIB_FILE='libtclstub8.5.a'
TCL_STUB_LIB_FLAG='-ltclstub8.5'
TCL_STUB_LIB_SPEC='-L/home/rolle/eggdrop/tcl8.5.15/unix -ltclstub8.5'
TCL_THREADS='1'
TCL_VERSION='8.5'
VC_MANIFEST_EMBED_DLL=''
VC_MANIFEST_EMBED_EXE=''
ac_ct_CC='gcc'
bindir='${exec_prefix}/bin'
build_alias=''
datadir='${datarootdir}'
datarootdir='${prefix}/share'
docdir='${datarootdir}/doc/${PACKAGE_TARNAME}'
dvidir='${docdir}'
exec_prefix='/usr/local'
host_alias=''
htmldir='${docdir}'
includedir='${prefix}/include'
infodir='${datarootdir}/info'
libdir='${exec_prefix}/lib'
libexecdir='${exec_prefix}/libexec'
localedir='${datarootdir}/locale'
localstatedir='${prefix}/var'
mandir='${datarootdir}/man'
oldincludedir='/usr/include'
pdfdir='${docdir}'
prefix='/usr/local'
program_transform_name='s,x,x,'
psdir='${docdir}'
sbindir='${exec_prefix}/sbin'
sharedstatedir='${prefix}/com'
sysconfdir='${prefix}/etc'
target_alias=''

## ----------- ##
## confdefs.h. ##
## ----------- ##

/* confdefs.h */
#define PACKAGE_NAME "tclgumbo"
#define PACKAGE_TARNAME "tclgumbo"
#define PACKAGE_VERSION "0.1"
#define PACKAGE_STRING "tclgumbo 0.1"
#define PACKAGE_BUGREPORT ""
#define PACKAGE_URL ""
#define BUILD_tclgumbo /**/
#define STDC_HEADERS 1
#define HAVE_SYS_TYPES_H 1
#define HAVE_SYS_STAT_H 1
#define HAVE_STDLIB_H 1
#define HAVE_STRING_H 1
#define HAVE_MEMORY_H 1
#define HAVE_STRINGS_H 1
#define HAVE_INTTYPES_H 1
#define HAVE_STDINT_H 1
#define HAVE_UNISTD_H 1
#define HAVE_LIMITS_H 1
#define HAVE_SYS_PARAM_H 1
#define USE_THREAD_ALLOC 1
#define _REENTRANT 1
#define _THREAD_SAFE 1
#define TCL_THREADS 1
#define MODULE_SCOPE extern __attribute__((__visibility__("hidden")))
#define HAVE_HIDDEN 1
#define HAVE_CAST_TO_UNION 1
#define _LARGEFILE64_SOURCE 1
#define TCL_WIDE_INT_IS_LONG 1
#define USE_TCL_STUBS 1

configure: exit 0
